[2025-07-17 19:22:58,575: INFO: common: yaml file: config\config.yaml loaded successfully]
[2025-07-17 19:22:58,578: INFO: common: yaml file: params.yaml loaded successfully]
[2025-07-17 19:22:58,583: INFO: common: yaml file: schema.yaml loaded successfully]
[2025-07-17 19:22:58,585: INFO: common: created directory at: artifacts]
[2025-07-17 19:22:58,586: INFO: common: created directory at: artifacts/data_ingestion]
[2025-07-17 19:24:36,812: INFO: common: yaml file: config\config.yaml loaded successfully]
[2025-07-17 19:24:36,814: INFO: common: yaml file: params.yaml loaded successfully]
[2025-07-17 19:24:36,818: INFO: common: yaml file: schema.yaml loaded successfully]
[2025-07-17 19:24:36,820: INFO: common: created directory at: artifacts]
[2025-07-17 19:24:36,824: INFO: common: created directory at: artifacts/data_ingestion]
[2025-07-17 19:35:35,652: INFO: main: Welcome to our custom logging data science]
[2025-07-17 19:39:19,799: INFO: common: yaml file: config\config.yaml loaded successfully]
[2025-07-17 19:39:19,801: INFO: common: yaml file: params.yaml loaded successfully]
[2025-07-17 19:39:19,804: INFO: common: yaml file: schema.yaml loaded successfully]
[2025-07-17 19:39:19,808: INFO: common: created directory at: artifacts]
[2025-07-17 19:39:19,810: INFO: common: created directory at: artifacts/data_ingestion]
[2025-07-17 19:39:40,790: INFO: common: yaml file: config\config.yaml loaded successfully]
[2025-07-17 19:39:40,794: INFO: common: yaml file: params.yaml loaded successfully]
[2025-07-17 19:39:40,799: INFO: common: yaml file: schema.yaml loaded successfully]
[2025-07-17 19:39:40,801: INFO: common: created directory at: artifacts]
[2025-07-17 19:39:40,803: INFO: common: created directory at: artifacts/data_ingestion]
[2025-07-17 19:39:41,487: INFO: 4158501276: artifacts/data_ingestion/data.zip download! with following info: 
Connection: close
Content-Length: 23329
Cache-Control: max-age=300
Content-Security-Policy: default-src 'none'; style-src 'unsafe-inline'; sandbox
Content-Type: application/zip
ETag: "c69888a4ae59bc5a893392785a938ccd4937981c06ba8a9d6a21aa52b4ab5b6e"
Strict-Transport-Security: max-age=31536000
X-Content-Type-Options: nosniff
X-Frame-Options: deny
X-XSS-Protection: 1; mode=block
X-GitHub-Request-Id: 4B90:2E2A66:293E2:6E456:6878D2EB
Accept-Ranges: bytes
Date: Thu, 17 Jul 2025 10:39:41 GMT
Via: 1.1 varnish
X-Served-By: cache-icn1450087-ICN
X-Cache: MISS
X-Cache-Hits: 0
X-Timer: S1752748781.366111,VS0,VE205
Vary: Authorization,Accept-Encoding
Access-Control-Allow-Origin: *
Cross-Origin-Resource-Policy: cross-origin
X-Fastly-Request-ID: cdd0a3faf13f003fcdddeed49c2aa278889c3350
Expires: Thu, 17 Jul 2025 10:44:41 GMT
Source-Age: 0

]
[2025-07-18 09:11:48,493: INFO: main: Welcome to our custom logging data science]
[2025-07-18 09:11:48,493: INFO: main: >>>>>> stage Data Ingestion stage started <<<<<<]
[2025-07-18 09:11:48,497: INFO: common: yaml file: config\config.yaml loaded successfully]
[2025-07-18 09:11:48,498: INFO: common: yaml file: params.yaml loaded successfully]
[2025-07-18 09:11:48,500: INFO: common: yaml file: schema.yaml loaded successfully]
[2025-07-18 09:11:48,500: INFO: common: created directory at: artifacts]
[2025-07-18 09:11:48,501: INFO: common: created directory at: artifacts/data_ingestion]
[2025-07-18 09:11:49,325: INFO: data_ingestion: artifacts/data_ingestion/data.zip download! with following info: 
Connection: close
Content-Length: 23329
Cache-Control: max-age=300
Content-Security-Policy: default-src 'none'; style-src 'unsafe-inline'; sandbox
Content-Type: application/zip
ETag: "c69888a4ae59bc5a893392785a938ccd4937981c06ba8a9d6a21aa52b4ab5b6e"
Strict-Transport-Security: max-age=31536000
X-Content-Type-Options: nosniff
X-Frame-Options: deny
X-XSS-Protection: 1; mode=block
X-GitHub-Request-Id: FDFF:208A37:F32CA:309F20:68799144
Accept-Ranges: bytes
Date: Fri, 18 Jul 2025 00:11:48 GMT
Via: 1.1 varnish
X-Served-By: cache-icn1450092-ICN
X-Cache: MISS
X-Cache-Hits: 0
X-Timer: S1752797509.715138,VS0,VE243
Vary: Authorization,Accept-Encoding
Access-Control-Allow-Origin: *
Cross-Origin-Resource-Policy: cross-origin
X-Fastly-Request-ID: 728d1f6858fbe4db6b5be7528b34c79607a90f05
Expires: Fri, 18 Jul 2025 00:16:48 GMT
Source-Age: 0

]
[2025-07-18 09:11:49,344: INFO: main: >>>>>> stage Data Ingestion stage completed <<<<<<

x==========x]
[2025-07-18 09:35:32,676: INFO: common: yaml file: config\config.yaml loaded successfully]
[2025-07-18 09:35:32,681: INFO: common: yaml file: params.yaml loaded successfully]
[2025-07-18 09:35:32,687: INFO: common: yaml file: schema.yaml loaded successfully]
[2025-07-18 09:35:32,690: INFO: common: created directory at: artifacts]
[2025-07-18 09:35:32,694: INFO: common: created directory at: artifacts/data_validation]
[2025-07-18 09:49:29,635: INFO: main: >>>>>> stage Data Ingestion stage started <<<<<<]
[2025-07-18 09:49:29,639: INFO: common: yaml file: config\config.yaml loaded successfully]
[2025-07-18 09:49:29,640: INFO: common: yaml file: params.yaml loaded successfully]
[2025-07-18 09:49:29,643: INFO: common: yaml file: schema.yaml loaded successfully]
[2025-07-18 09:49:29,645: INFO: common: created directory at: artifacts]
[2025-07-18 09:49:29,646: INFO: common: created directory at: artifacts/data_ingestion]
[2025-07-18 09:49:29,646: INFO: data_ingestion: File already exists]
[2025-07-18 09:49:29,651: INFO: main: >>>>>> stage Data Ingestion stage completed <<<<<<

x==========x]
[2025-07-18 09:49:29,651: INFO: main: >>>>>> stage Data Validation stage started <<<<<<]
[2025-07-18 09:49:29,655: INFO: common: yaml file: config\config.yaml loaded successfully]
[2025-07-18 09:49:29,656: INFO: common: yaml file: params.yaml loaded successfully]
[2025-07-18 09:49:29,659: INFO: common: yaml file: schema.yaml loaded successfully]
[2025-07-18 09:49:29,661: INFO: common: created directory at: artifacts]
[2025-07-18 09:49:29,661: INFO: common: created directory at: artifacts/data_validation]
[2025-07-18 09:49:29,678: INFO: main: >>>>>> stage Data Validation stage completed <<<<<<

x==========x]
[2025-07-18 13:39:41,200: INFO: common: yaml file: config\config.yaml loaded successfully]
[2025-07-18 13:39:41,204: INFO: common: yaml file: params.yaml loaded successfully]
[2025-07-18 13:39:41,210: INFO: common: yaml file: schema.yaml loaded successfully]
[2025-07-18 13:39:41,212: INFO: common: created directory at: artifacts]
[2025-07-18 13:39:41,214: INFO: common: created directory at: artifacts/data_transformation]
[2025-07-18 13:39:41,265: INFO: 2148425976: Splited data into training and test sets]
[2025-07-18 13:39:41,269: INFO: 2148425976: (1199, 12)]
[2025-07-18 13:39:41,279: INFO: 2148425976: (400, 12)]
[2025-07-18 14:02:27,756: INFO: main: >>>>>> stage Data Ingestion stage started <<<<<<]
[2025-07-18 14:02:27,760: INFO: common: yaml file: config\config.yaml loaded successfully]
[2025-07-18 14:02:27,761: INFO: common: yaml file: params.yaml loaded successfully]
[2025-07-18 14:02:27,763: INFO: common: yaml file: schema.yaml loaded successfully]
[2025-07-18 14:02:27,764: INFO: common: created directory at: artifacts]
[2025-07-18 14:02:27,765: INFO: common: created directory at: artifacts/data_ingestion]
[2025-07-18 14:02:27,766: INFO: data_ingestion: File already exists]
[2025-07-18 14:02:27,771: INFO: main: >>>>>> stage Data Ingestion stage completed <<<<<<

x==========x]
[2025-07-18 14:02:27,772: INFO: main: >>>>>> stage Data Validation stage started <<<<<<]
[2025-07-18 14:02:27,776: INFO: common: yaml file: config\config.yaml loaded successfully]
[2025-07-18 14:02:27,778: INFO: common: yaml file: params.yaml loaded successfully]
[2025-07-18 14:02:27,780: INFO: common: yaml file: schema.yaml loaded successfully]
[2025-07-18 14:02:27,781: INFO: common: created directory at: artifacts]
[2025-07-18 14:02:27,781: INFO: common: created directory at: artifacts/data_validation]
[2025-07-18 14:02:27,796: INFO: main: >>>>>> stage Data Validation stage completed <<<<<<

x==========x]
[2025-07-18 14:02:27,796: INFO: main: >>>>>> stage Data Transformation stage started <<<<<<]
[2025-07-18 14:02:27,800: INFO: common: yaml file: config\config.yaml loaded successfully]
[2025-07-18 14:02:27,801: INFO: common: yaml file: params.yaml loaded successfully]
[2025-07-18 14:02:27,803: INFO: common: yaml file: schema.yaml loaded successfully]
[2025-07-18 14:02:27,804: INFO: common: created directory at: artifacts]
[2025-07-18 14:02:27,805: INFO: common: created directory at: artifacts/data_transformation]
[2025-07-18 14:02:27,806: INFO: main: >>>>>> stage Data Transformation stage completed <<<<<<

x==========x]
[2025-07-18 14:05:41,936: INFO: main: >>>>>> stage Data Ingestion stage started <<<<<<]
[2025-07-18 14:05:41,940: INFO: common: yaml file: config\config.yaml loaded successfully]
[2025-07-18 14:05:41,941: INFO: common: yaml file: params.yaml loaded successfully]
[2025-07-18 14:05:41,945: INFO: common: yaml file: schema.yaml loaded successfully]
[2025-07-18 14:05:41,946: INFO: common: created directory at: artifacts]
[2025-07-18 14:05:41,947: INFO: common: created directory at: artifacts/data_ingestion]
[2025-07-18 14:05:41,949: INFO: data_ingestion: File already exists]
[2025-07-18 14:05:41,952: INFO: main: >>>>>> stage Data Ingestion stage completed <<<<<<

x==========x]
[2025-07-18 14:05:41,953: INFO: main: >>>>>> stage Data Validation stage started <<<<<<]
[2025-07-18 14:05:41,959: INFO: common: yaml file: config\config.yaml loaded successfully]
[2025-07-18 14:05:41,961: INFO: common: yaml file: params.yaml loaded successfully]
[2025-07-18 14:05:41,963: INFO: common: yaml file: schema.yaml loaded successfully]
[2025-07-18 14:05:41,964: INFO: common: created directory at: artifacts]
[2025-07-18 14:05:41,964: INFO: common: created directory at: artifacts/data_validation]
[2025-07-18 14:05:41,976: INFO: main: >>>>>> stage Data Validation stage completed <<<<<<

x==========x]
[2025-07-18 14:05:41,977: INFO: main: >>>>>> stage Data Transformation stage started <<<<<<]
[2025-07-18 14:05:41,981: INFO: common: yaml file: config\config.yaml loaded successfully]
[2025-07-18 14:05:41,982: INFO: common: yaml file: params.yaml loaded successfully]
[2025-07-18 14:05:41,985: INFO: common: yaml file: schema.yaml loaded successfully]
[2025-07-18 14:05:41,986: INFO: common: created directory at: artifacts]
[2025-07-18 14:05:41,987: INFO: common: created directory at: artifacts/data_transformation]
[2025-07-18 14:05:42,013: INFO: data_transformation: Splited data into training and test sets]
[2025-07-18 14:05:42,017: INFO: data_transformation: (1199, 12)]
[2025-07-18 14:05:42,017: INFO: data_transformation: (400, 12)]
[2025-07-18 14:05:42,018: INFO: main: >>>>>> stage Data Transformation stage completed <<<<<<

x==========x]
[2025-07-19 20:13:52,415: INFO: common: yaml file: config\config.yaml loaded successfully]
[2025-07-19 20:14:31,043: INFO: common: yaml file: config\config.yaml loaded successfully]
[2025-07-19 20:14:31,050: INFO: common: yaml file: params.yaml loaded successfully]
[2025-07-19 20:14:31,056: INFO: common: yaml file: schema.yaml loaded successfully]
[2025-07-19 20:14:31,058: INFO: common: created directory at: artifacts]
[2025-07-19 20:14:31,060: INFO: common: created directory at: artifacts/model_trainer]
[2025-07-19 20:46:47,043: INFO: main: >>>>>> stage Data Ingestion stage started <<<<<<]
[2025-07-19 20:46:47,052: INFO: common: yaml file: config\config.yaml loaded successfully]
[2025-07-19 20:46:47,054: INFO: common: yaml file: params.yaml loaded successfully]
[2025-07-19 20:46:47,063: INFO: common: yaml file: schema.yaml loaded successfully]
[2025-07-19 20:46:47,068: INFO: common: created directory at: artifacts]
[2025-07-19 20:46:47,069: INFO: common: created directory at: artifacts/data_ingestion]
[2025-07-19 20:46:47,070: INFO: data_ingestion: File already exists]
[2025-07-19 20:46:47,088: INFO: main: >>>>>> stage Data Ingestion stage completed <<<<<<

x==========x]
[2025-07-19 20:46:47,089: INFO: main: >>>>>> stage Data Validation stage started <<<<<<]
[2025-07-19 20:46:47,103: INFO: common: yaml file: config\config.yaml loaded successfully]
[2025-07-19 20:46:47,105: INFO: common: yaml file: params.yaml loaded successfully]
[2025-07-19 20:46:47,117: INFO: common: yaml file: schema.yaml loaded successfully]
[2025-07-19 20:46:47,118: INFO: common: created directory at: artifacts]
[2025-07-19 20:46:47,120: INFO: common: created directory at: artifacts/data_validation]
[2025-07-19 20:46:47,159: INFO: main: >>>>>> stage Data Validation stage completed <<<<<<

x==========x]
[2025-07-19 20:46:47,160: INFO: main: >>>>>> stage Data Transformation stage started <<<<<<]
[2025-07-19 20:46:47,170: INFO: common: yaml file: config\config.yaml loaded successfully]
[2025-07-19 20:46:47,174: INFO: common: yaml file: params.yaml loaded successfully]
[2025-07-19 20:46:47,187: INFO: common: yaml file: schema.yaml loaded successfully]
[2025-07-19 20:46:47,188: INFO: common: created directory at: artifacts]
[2025-07-19 20:46:47,189: INFO: common: created directory at: artifacts/data_transformation]
[2025-07-19 20:46:47,253: INFO: data_transformation: Splited data into training and test sets]
[2025-07-19 20:46:47,253: INFO: data_transformation: (1199, 12)]
[2025-07-19 20:46:47,254: INFO: data_transformation: (400, 12)]
[2025-07-19 20:46:47,254: INFO: main: >>>>>> stage Data Transformation stage completed <<<<<<

x==========x]
[2025-07-19 20:46:47,255: INFO: main: >>>>>> stage Model Trainer stage started <<<<<<]
[2025-07-19 20:46:47,263: INFO: common: yaml file: config\config.yaml loaded successfully]
[2025-07-19 20:46:47,268: INFO: common: yaml file: params.yaml loaded successfully]
[2025-07-19 20:46:47,274: INFO: common: yaml file: schema.yaml loaded successfully]
[2025-07-19 20:46:47,279: INFO: common: created directory at: artifacts]
[2025-07-19 20:46:47,285: INFO: common: created directory at: artifacts/model_trainer]
[2025-07-19 20:46:47,285: ERROR: main: 'ModelTrainerConfig' object has no attribute 'train']
Traceback (most recent call last):
  File "C:\Users\19258\Desktop\MLops\datascienceproject\main.py", line 49, in <module>
    obj.initiate_model_trainer()
  File "C:\Users\19258\Desktop\MLops\datascienceproject\src\datascience\pipeline\model_trainer_pipeline.py", line 16, in initiate_model_trainer
    model_trainer_config.train()
AttributeError: 'ModelTrainerConfig' object has no attribute 'train'
[2025-07-19 20:54:24,340: INFO: main: >>>>>> stage Data Ingestion stage started <<<<<<]
[2025-07-19 20:54:24,349: INFO: common: yaml file: config\config.yaml loaded successfully]
[2025-07-19 20:54:24,350: INFO: common: yaml file: params.yaml loaded successfully]
[2025-07-19 20:54:24,354: INFO: common: yaml file: schema.yaml loaded successfully]
[2025-07-19 20:54:24,354: INFO: common: created directory at: artifacts]
[2025-07-19 20:54:24,355: INFO: common: created directory at: artifacts/data_ingestion]
[2025-07-19 20:54:24,355: INFO: data_ingestion: File already exists]
[2025-07-19 20:54:24,358: INFO: main: >>>>>> stage Data Ingestion stage completed <<<<<<

x==========x]
[2025-07-19 20:54:24,359: INFO: main: >>>>>> stage Data Validation stage started <<<<<<]
[2025-07-19 20:54:24,362: INFO: common: yaml file: config\config.yaml loaded successfully]
[2025-07-19 20:54:24,363: INFO: common: yaml file: params.yaml loaded successfully]
[2025-07-19 20:54:24,365: INFO: common: yaml file: schema.yaml loaded successfully]
[2025-07-19 20:54:24,365: INFO: common: created directory at: artifacts]
[2025-07-19 20:54:24,367: INFO: common: created directory at: artifacts/data_validation]
[2025-07-19 20:54:24,382: INFO: main: >>>>>> stage Data Validation stage completed <<<<<<

x==========x]
[2025-07-19 20:54:24,382: INFO: main: >>>>>> stage Data Transformation stage started <<<<<<]
[2025-07-19 20:54:24,390: INFO: common: yaml file: config\config.yaml loaded successfully]
[2025-07-19 20:54:24,392: INFO: common: yaml file: params.yaml loaded successfully]
[2025-07-19 20:54:24,394: INFO: common: yaml file: schema.yaml loaded successfully]
[2025-07-19 20:54:24,395: INFO: common: created directory at: artifacts]
[2025-07-19 20:54:24,396: INFO: common: created directory at: artifacts/data_transformation]
[2025-07-19 20:54:24,426: INFO: data_transformation: Splited data into training and test sets]
[2025-07-19 20:54:24,427: INFO: data_transformation: (1199, 12)]
[2025-07-19 20:54:24,427: INFO: data_transformation: (400, 12)]
[2025-07-19 20:54:24,428: INFO: main: >>>>>> stage Data Transformation stage completed <<<<<<

x==========x]
[2025-07-19 20:54:24,428: INFO: main: >>>>>> stage Model Trainer stage started <<<<<<]
[2025-07-19 20:54:24,432: INFO: common: yaml file: config\config.yaml loaded successfully]
[2025-07-19 20:54:24,433: INFO: common: yaml file: params.yaml loaded successfully]
[2025-07-19 20:54:24,436: INFO: common: yaml file: schema.yaml loaded successfully]
[2025-07-19 20:54:24,438: INFO: common: created directory at: artifacts]
[2025-07-19 20:54:24,439: INFO: common: created directory at: artifacts/model_trainer]
[2025-07-19 20:54:24,450: INFO: main: >>>>>> stage Model Trainer stage completed <<<<<<

x==========x]
[2025-07-19 23:19:55,984: INFO: common: yaml file: config\config.yaml loaded successfully]
[2025-07-19 23:19:55,990: INFO: common: yaml file: params.yaml loaded successfully]
[2025-07-19 23:19:55,997: INFO: common: yaml file: schema.yaml loaded successfully]
[2025-07-19 23:19:56,000: INFO: common: created directory at: artifacts]
[2025-07-19 23:19:56,003: INFO: common: created directory at: artifacts/model_evaluation]
[2025-07-19 23:19:59,208: INFO: common: json file saved at: artifacts\model_evaluation\metrics.json]
[2025-07-19 23:28:47,709: INFO: common: yaml file: config\config.yaml loaded successfully]
[2025-07-19 23:28:47,713: INFO: common: yaml file: params.yaml loaded successfully]
[2025-07-19 23:28:47,717: INFO: common: yaml file: schema.yaml loaded successfully]
[2025-07-19 23:28:47,723: INFO: common: created directory at: artifacts]
[2025-07-19 23:28:47,725: INFO: common: created directory at: artifacts/model_evaluation]
[2025-07-19 23:28:48,324: INFO: common: json file saved at: artifacts\model_evaluation\metrics.json]
[2025-07-19 23:34:46,441: INFO: common: yaml file: config\config.yaml loaded successfully]
[2025-07-19 23:34:46,445: INFO: common: yaml file: params.yaml loaded successfully]
[2025-07-19 23:34:46,452: INFO: common: yaml file: schema.yaml loaded successfully]
[2025-07-19 23:34:46,454: INFO: common: created directory at: artifacts]
[2025-07-19 23:34:46,456: INFO: common: created directory at: artifacts/model_evaluation]
[2025-07-19 23:34:46,779: INFO: common: json file saved at: artifacts\model_evaluation\metrics.json]
[2025-07-19 23:36:41,648: INFO: common: yaml file: config\config.yaml loaded successfully]
[2025-07-19 23:36:41,651: INFO: common: yaml file: params.yaml loaded successfully]
[2025-07-19 23:36:41,658: INFO: common: yaml file: schema.yaml loaded successfully]
[2025-07-19 23:36:41,660: INFO: common: created directory at: artifacts]
[2025-07-19 23:36:41,662: INFO: common: created directory at: artifacts/model_evaluation]
[2025-07-19 23:36:42,015: INFO: common: json file saved at: artifacts\model_evaluation\metrics.json]
[2025-07-19 23:39:23,461: INFO: common: yaml file: config\config.yaml loaded successfully]
[2025-07-19 23:39:23,464: INFO: common: yaml file: params.yaml loaded successfully]
[2025-07-19 23:39:23,469: INFO: common: yaml file: schema.yaml loaded successfully]
[2025-07-19 23:39:23,473: INFO: common: created directory at: artifacts]
[2025-07-19 23:39:23,476: INFO: common: created directory at: artifacts/model_evaluation]
[2025-07-19 23:39:23,814: INFO: common: json file saved at: artifacts\model_evaluation\metrics.json]
[2025-07-19 23:41:58,718: INFO: common: yaml file: config\config.yaml loaded successfully]
[2025-07-19 23:41:58,721: INFO: common: yaml file: params.yaml loaded successfully]
[2025-07-19 23:41:58,727: INFO: common: yaml file: schema.yaml loaded successfully]
[2025-07-19 23:41:58,730: INFO: common: created directory at: artifacts]
[2025-07-19 23:41:58,733: INFO: common: created directory at: artifacts/model_evaluation]
[2025-07-19 23:41:59,088: INFO: common: json file saved at: artifacts\model_evaluation\metrics.json]
[2025-07-19 23:42:24,709: INFO: common: yaml file: config\config.yaml loaded successfully]
[2025-07-19 23:42:24,713: INFO: common: yaml file: params.yaml loaded successfully]
[2025-07-19 23:42:24,719: INFO: common: yaml file: schema.yaml loaded successfully]
[2025-07-19 23:42:24,723: INFO: common: created directory at: artifacts]
[2025-07-19 23:42:24,724: INFO: common: created directory at: artifacts/model_evaluation]
[2025-07-19 23:42:25,092: INFO: common: json file saved at: artifacts\model_evaluation\metrics.json]
[2025-07-19 23:54:59,302: INFO: utils: NumExpr defaulting to 8 threads.]
[2025-07-19 23:55:16,857: INFO: main: >>>>>> stage Data Ingestion stage started <<<<<<]
[2025-07-19 23:55:16,862: INFO: common: yaml file: config\config.yaml loaded successfully]
[2025-07-19 23:55:16,864: INFO: common: yaml file: params.yaml loaded successfully]
[2025-07-19 23:55:16,867: INFO: common: yaml file: schema.yaml loaded successfully]
[2025-07-19 23:55:16,868: INFO: common: created directory at: artifacts]
[2025-07-19 23:55:16,869: INFO: common: created directory at: artifacts/data_ingestion]
[2025-07-19 23:55:16,869: INFO: data_ingestion: File already exists]
[2025-07-19 23:55:16,885: INFO: main: >>>>>> stage Data Ingestion stage completed <<<<<<

x==========x]
[2025-07-19 23:55:16,885: INFO: main: >>>>>> stage Data Validation stage started <<<<<<]
[2025-07-19 23:55:16,891: INFO: common: yaml file: config\config.yaml loaded successfully]
[2025-07-19 23:55:16,893: INFO: common: yaml file: params.yaml loaded successfully]
[2025-07-19 23:55:16,896: INFO: common: yaml file: schema.yaml loaded successfully]
[2025-07-19 23:55:16,897: INFO: common: created directory at: artifacts]
[2025-07-19 23:55:16,898: INFO: common: created directory at: artifacts/data_validation]
[2025-07-19 23:55:16,917: INFO: main: >>>>>> stage Data Validation stage completed <<<<<<

x==========x]
[2025-07-19 23:55:16,917: INFO: main: >>>>>> stage Data Transformation stage started <<<<<<]
[2025-07-19 23:55:16,923: INFO: common: yaml file: config\config.yaml loaded successfully]
[2025-07-19 23:55:16,926: INFO: common: yaml file: params.yaml loaded successfully]
[2025-07-19 23:55:16,929: INFO: common: yaml file: schema.yaml loaded successfully]
[2025-07-19 23:55:16,930: INFO: common: created directory at: artifacts]
[2025-07-19 23:55:16,931: INFO: common: created directory at: artifacts/data_transformation]
[2025-07-19 23:55:16,973: INFO: data_transformation: Splited data into training and test sets]
[2025-07-19 23:55:16,974: INFO: data_transformation: (1199, 12)]
[2025-07-19 23:55:16,974: INFO: data_transformation: (400, 12)]
[2025-07-19 23:55:16,975: INFO: main: >>>>>> stage Data Transformation stage completed <<<<<<

x==========x]
[2025-07-19 23:55:16,976: INFO: main: >>>>>> stage Model Trainer stage started <<<<<<]
[2025-07-19 23:55:16,980: INFO: common: yaml file: config\config.yaml loaded successfully]
[2025-07-19 23:55:16,982: INFO: common: yaml file: params.yaml loaded successfully]
[2025-07-19 23:55:16,985: INFO: common: yaml file: schema.yaml loaded successfully]
[2025-07-19 23:55:16,986: INFO: common: created directory at: artifacts]
[2025-07-19 23:55:16,987: INFO: common: created directory at: artifacts/model_trainer]
[2025-07-19 23:55:17,010: INFO: main: >>>>>> stage Model Trainer stage completed <<<<<<

x==========x]
[2025-07-19 23:55:17,011: INFO: main: >>>>>> stage Model Evaluation stage started <<<<<<]
[2025-07-19 23:55:17,016: INFO: common: yaml file: config\config.yaml loaded successfully]
[2025-07-19 23:55:17,018: INFO: common: yaml file: params.yaml loaded successfully]
[2025-07-19 23:55:17,021: INFO: common: yaml file: schema.yaml loaded successfully]
[2025-07-19 23:55:17,023: INFO: common: created directory at: artifacts]
[2025-07-19 23:55:17,024: ERROR: main: 'function' object has no attribute 'test_data_path']
Traceback (most recent call last):
  File "C:\Users\19258\Desktop\MLops\datascienceproject\datascienceproject\main.py", line 61, in <module>
    data_ingestion.initiate_model_evaluation()
  File "C:\Users\19258\Desktop\MLops\datascienceproject\datascienceproject\src\datascience\pipeline\model_evaluation_pipeline.py", line 17, in initiate_model_evaluation
    model_evaluation.log_into_mlflow()
  File "C:\Users\19258\Desktop\MLops\datascienceproject\datascienceproject\src\datascience\components\model_evaluation.py", line 27, in log_into_mlflow
    test_data = pd.read_csv(self.config.test_data_path)
                            ^^^^^^^^^^^^^^^^^^^^^^^^^^
AttributeError: 'function' object has no attribute 'test_data_path'
[2025-07-20 00:04:50,138: INFO: utils: NumExpr defaulting to 8 threads.]
[2025-07-20 00:04:53,183: INFO: main: >>>>>> stage Data Ingestion stage started <<<<<<]
[2025-07-20 00:04:53,190: INFO: common: yaml file: config\config.yaml loaded successfully]
[2025-07-20 00:04:53,192: INFO: common: yaml file: params.yaml loaded successfully]
[2025-07-20 00:04:53,195: INFO: common: yaml file: schema.yaml loaded successfully]
[2025-07-20 00:04:53,197: INFO: common: created directory at: artifacts]
[2025-07-20 00:04:53,198: INFO: common: created directory at: artifacts/data_ingestion]
[2025-07-20 00:04:53,199: INFO: data_ingestion: File already exists]
[2025-07-20 00:04:53,203: INFO: main: >>>>>> stage Data Ingestion stage completed <<<<<<

x==========x]
[2025-07-20 00:04:53,204: INFO: main: >>>>>> stage Data Validation stage started <<<<<<]
[2025-07-20 00:04:53,206: INFO: common: yaml file: config\config.yaml loaded successfully]
[2025-07-20 00:04:53,207: INFO: common: yaml file: params.yaml loaded successfully]
[2025-07-20 00:04:53,209: INFO: common: yaml file: schema.yaml loaded successfully]
[2025-07-20 00:04:53,210: INFO: common: created directory at: artifacts]
[2025-07-20 00:04:53,210: INFO: common: created directory at: artifacts/data_validation]
[2025-07-20 00:04:53,226: INFO: main: >>>>>> stage Data Validation stage completed <<<<<<

x==========x]
[2025-07-20 00:04:53,226: INFO: main: >>>>>> stage Data Transformation stage started <<<<<<]
[2025-07-20 00:04:53,231: INFO: common: yaml file: config\config.yaml loaded successfully]
[2025-07-20 00:04:53,236: INFO: common: yaml file: params.yaml loaded successfully]
[2025-07-20 00:04:53,238: INFO: common: yaml file: schema.yaml loaded successfully]
[2025-07-20 00:04:53,239: INFO: common: created directory at: artifacts]
[2025-07-20 00:04:53,240: INFO: common: created directory at: artifacts/data_transformation]
[2025-07-20 00:04:53,261: INFO: data_transformation: Splited data into training and test sets]
[2025-07-20 00:04:53,261: INFO: data_transformation: (1199, 12)]
[2025-07-20 00:04:53,262: INFO: data_transformation: (400, 12)]
[2025-07-20 00:04:53,263: INFO: main: >>>>>> stage Data Transformation stage completed <<<<<<

x==========x]
[2025-07-20 00:04:53,263: INFO: main: >>>>>> stage Model Trainer stage started <<<<<<]
[2025-07-20 00:04:53,270: INFO: common: yaml file: config\config.yaml loaded successfully]
[2025-07-20 00:04:53,270: INFO: common: yaml file: params.yaml loaded successfully]
[2025-07-20 00:04:53,272: INFO: common: yaml file: schema.yaml loaded successfully]
[2025-07-20 00:04:53,273: INFO: common: created directory at: artifacts]
[2025-07-20 00:04:53,273: INFO: common: created directory at: artifacts/model_trainer]
[2025-07-20 00:04:53,289: INFO: main: >>>>>> stage Model Trainer stage completed <<<<<<

x==========x]
[2025-07-20 00:04:53,290: INFO: main: >>>>>> stage Model Evaluation stage started <<<<<<]
[2025-07-20 00:04:53,293: INFO: common: yaml file: config\config.yaml loaded successfully]
[2025-07-20 00:04:53,294: INFO: common: yaml file: params.yaml loaded successfully]
[2025-07-20 00:04:53,297: INFO: common: yaml file: schema.yaml loaded successfully]
[2025-07-20 00:04:53,299: INFO: common: created directory at: artifacts]
[2025-07-20 00:04:53,299: INFO: common: created directory at: artifacts/model_evaluation]
[2025-07-20 00:04:57,891: INFO: common: json file saved at: artifacts\model_evaluation\metrics.json]
[2025-07-20 00:04:57,942: INFO: main: >>>>>> stage Model Evaluation stage completed <<<<<<

x==========x]
[2025-07-20 00:08:04,423: INFO: utils: NumExpr defaulting to 8 threads.]
[2025-07-20 00:08:08,355: INFO: main: >>>>>> stage Data Ingestion stage started <<<<<<]
[2025-07-20 00:08:08,359: INFO: common: yaml file: config\config.yaml loaded successfully]
[2025-07-20 00:08:08,360: INFO: common: yaml file: params.yaml loaded successfully]
[2025-07-20 00:08:08,362: INFO: common: yaml file: schema.yaml loaded successfully]
[2025-07-20 00:08:08,363: INFO: common: created directory at: artifacts]
[2025-07-20 00:08:08,364: INFO: common: created directory at: artifacts/data_ingestion]
[2025-07-20 00:08:08,366: INFO: data_ingestion: File already exists]
[2025-07-20 00:08:08,368: INFO: main: >>>>>> stage Data Ingestion stage completed <<<<<<

x==========x]
[2025-07-20 00:08:08,369: INFO: main: >>>>>> stage Data Validation stage started <<<<<<]
[2025-07-20 00:08:08,372: INFO: common: yaml file: config\config.yaml loaded successfully]
[2025-07-20 00:08:08,375: INFO: common: yaml file: params.yaml loaded successfully]
[2025-07-20 00:08:08,376: INFO: common: yaml file: schema.yaml loaded successfully]
[2025-07-20 00:08:08,377: INFO: common: created directory at: artifacts]
[2025-07-20 00:08:08,378: INFO: common: created directory at: artifacts/data_validation]
[2025-07-20 00:08:08,395: INFO: main: >>>>>> stage Data Validation stage completed <<<<<<

x==========x]
[2025-07-20 00:08:08,395: INFO: main: >>>>>> stage Data Transformation stage started <<<<<<]
[2025-07-20 00:08:08,402: INFO: common: yaml file: config\config.yaml loaded successfully]
[2025-07-20 00:08:08,405: INFO: common: yaml file: params.yaml loaded successfully]
[2025-07-20 00:08:08,410: INFO: common: yaml file: schema.yaml loaded successfully]
[2025-07-20 00:08:08,411: INFO: common: created directory at: artifacts]
[2025-07-20 00:08:08,412: INFO: common: created directory at: artifacts/data_transformation]
[2025-07-20 00:08:08,446: INFO: data_transformation: Splited data into training and test sets]
[2025-07-20 00:08:08,447: INFO: data_transformation: (1199, 12)]
[2025-07-20 00:08:08,447: INFO: data_transformation: (400, 12)]
[2025-07-20 00:08:08,449: INFO: main: >>>>>> stage Data Transformation stage completed <<<<<<

x==========x]
[2025-07-20 00:08:08,450: INFO: main: >>>>>> stage Model Trainer stage started <<<<<<]
[2025-07-20 00:08:08,456: INFO: common: yaml file: config\config.yaml loaded successfully]
[2025-07-20 00:08:08,458: INFO: common: yaml file: params.yaml loaded successfully]
[2025-07-20 00:08:08,461: INFO: common: yaml file: schema.yaml loaded successfully]
[2025-07-20 00:08:08,463: INFO: common: created directory at: artifacts]
[2025-07-20 00:08:08,464: INFO: common: created directory at: artifacts/model_trainer]
[2025-07-20 00:08:08,485: INFO: main: >>>>>> stage Model Trainer stage completed <<<<<<

x==========x]
[2025-07-20 00:08:08,485: INFO: main: >>>>>> stage Model Evaluation stage started <<<<<<]
[2025-07-20 00:08:08,489: INFO: common: yaml file: config\config.yaml loaded successfully]
[2025-07-20 00:08:08,491: INFO: common: yaml file: params.yaml loaded successfully]
[2025-07-20 00:08:08,494: INFO: common: yaml file: schema.yaml loaded successfully]
[2025-07-20 00:08:08,495: INFO: common: created directory at: artifacts]
[2025-07-20 00:08:08,495: INFO: common: created directory at: artifacts/model_evaluation]
[2025-07-20 00:08:10,340: INFO: common: json file saved at: artifacts\model_evaluation\metrics.json]
[2025-07-20 00:08:15,093: INFO: main: >>>>>> stage Model Evaluation stage completed <<<<<<

x==========x]
